Determining if the pthread_create exist failed with the following output:
Change Dir: /home/linux/imageHashTesting/googletest/CMakeFiles/CMakeTmp

Run Build Command:"/usr/bin/make" "cmTryCompileExec2475729190/fast"
/usr/bin/make -f CMakeFiles/cmTryCompileExec2475729190.dir/build.make CMakeFiles/cmTryCompileExec2475729190.dir/build
make[1]: Entering directory `/home/linux/imageHashTesting/googletest/CMakeFiles/CMakeTmp'
/usr/bin/cmake -E cmake_progress_report /home/linux/imageHashTesting/googletest/CMakeFiles/CMakeTmp/CMakeFiles 1
Building C object CMakeFiles/cmTryCompileExec2475729190.dir/CheckSymbolExists.c.o
/usr/bin/cc    -o CMakeFiles/cmTryCompileExec2475729190.dir/CheckSymbolExists.c.o   -c /home/linux/imageHashTesting/googletest/CMakeFiles/CMakeTmp/CheckSymbolExists.c
Linking C executable cmTryCompileExec2475729190
/usr/bin/cmake -E cmake_link_script CMakeFiles/cmTryCompileExec2475729190.dir/link.txt --verbose=1
/usr/bin/cc       CMakeFiles/cmTryCompileExec2475729190.dir/CheckSymbolExists.c.o  -o cmTryCompileExec2475729190 -rdynamic 
CMakeFiles/cmTryCompileExec2475729190.dir/CheckSymbolExists.c.o: In function `main':
CheckSymbolExists.c:(.text+0x16): undefined reference to `pthread_create'
collect2: error: ld returned 1 exit status
make[1]: *** [cmTryCompileExec2475729190] Error 1
make[1]: Leaving directory `/home/linux/imageHashTesting/googletest/CMakeFiles/CMakeTmp'
make: *** [cmTryCompileExec2475729190/fast] Error 2

File /home/linux/imageHashTesting/googletest/CMakeFiles/CMakeTmp/CheckSymbolExists.c:
/* */
#include <pthread.h>

int main(int argc, char** argv)
{
  (void)argv;
#ifndef pthread_create
  return ((int*)(&pthread_create))[argc];
#else
  (void)argc;
  return 0;
#endif
}

Determining if the function pthread_create exists in the pthreads failed with the following output:
Change Dir: /home/linux/imageHashTesting/googletest/CMakeFiles/CMakeTmp

Run Build Command:"/usr/bin/make" "cmTryCompileExec3709659347/fast"
/usr/bin/make -f CMakeFiles/cmTryCompileExec3709659347.dir/build.make CMakeFiles/cmTryCompileExec3709659347.dir/build
make[1]: Entering directory `/home/linux/imageHashTesting/googletest/CMakeFiles/CMakeTmp'
/usr/bin/cmake -E cmake_progress_report /home/linux/imageHashTesting/googletest/CMakeFiles/CMakeTmp/CMakeFiles 1
Building C object CMakeFiles/cmTryCompileExec3709659347.dir/CheckFunctionExists.c.o
/usr/bin/cc   -DCHECK_FUNCTION_EXISTS=pthread_create   -o CMakeFiles/cmTryCompileExec3709659347.dir/CheckFunctionExists.c.o   -c /usr/share/cmake-3.2/Modules/CheckFunctionExists.c
Linking C executable cmTryCompileExec3709659347
/usr/bin/cmake -E cmake_link_script CMakeFiles/cmTryCompileExec3709659347.dir/link.txt --verbose=1
/usr/bin/cc   -DCHECK_FUNCTION_EXISTS=pthread_create    CMakeFiles/cmTryCompileExec3709659347.dir/CheckFunctionExists.c.o  -o cmTryCompileExec3709659347 -rdynamic -lpthreads 
/usr/bin/ld: cannot find -lpthreads
collect2: error: ld returned 1 exit status
make[1]: *** [cmTryCompileExec3709659347] Error 1
make[1]: Leaving directory `/home/linux/imageHashTesting/googletest/CMakeFiles/CMakeTmp'
make: *** [cmTryCompileExec3709659347/fast] Error 2


